[debug] [2023-04-12T22:47:46.250Z] ----------------------------------------------------------------------
[debug] [2023-04-12T22:47:46.254Z] Command:       C:\Program Files\nodejs\node.exe C:\Users\Owner\AppData\Roaming\npm\node_modules\firebase-tools\lib\bin\firebase.js init
[debug] [2023-04-12T22:47:46.255Z] CLI Version:   11.26.0
[debug] [2023-04-12T22:47:46.255Z] Platform:      win32
[debug] [2023-04-12T22:47:46.255Z] Node Version:  v16.15.0
[debug] [2023-04-12T22:47:46.257Z] Time:          Wed Apr 12 2023 23:47:46 GMT+0100 (West Africa Standard Time)
[debug] [2023-04-12T22:47:46.258Z] ----------------------------------------------------------------------
[debug] 
[debug] [2023-04-12T22:47:46.275Z] > command requires scopes: ["email","openid","https://www.googleapis.com/auth/cloudplatformprojects.readonly","https://www.googleapis.com/auth/firebase","https://www.googleapis.com/auth/cloud-platform"]
[debug] [2023-04-12T22:47:46.276Z] > authorizing via signed-in user (orjimodestus@gmail.com)
[info] 
     ######## #### ########  ######## ########     ###     ######  ########
     ##        ##  ##     ## ##       ##     ##  ##   ##  ##       ##
     ######    ##  ########  ######   ########  #########  ######  ######
     ##        ##  ##    ##  ##       ##     ## ##     ##       ## ##
     ##       #### ##     ## ######## ########  ##     ##  ######  ########

You're about to initialize a Firebase project in this directory:

  C:\Users\Owner\Desktop\mern-project\client

[info] 
=== Project Setup
[info] 
[info] First, let's associate this project directory with a Firebase project.
[info] You can create multiple project aliases by running firebase use --add, 
[info] but for now we'll just set up a default project.
[info] 
[debug] [2023-04-12T22:48:01.330Z] >>> [apiv2][query] GET https://firebase.googleapis.com/v1beta1/projects pageSize=100
[debug] [2023-04-12T22:48:02.096Z] <<< [apiv2][status] GET https://firebase.googleapis.com/v1beta1/projects 200
[debug] [2023-04-12T22:48:02.096Z] <<< [apiv2][body] GET https://firebase.googleapis.com/v1beta1/projects [omitted]
[debug] [2023-04-12T22:50:18.759Z] ----------------------------------------------------------------------
[debug] [2023-04-12T22:50:18.763Z] Command:       C:\Program Files\nodejs\node.exe C:\Users\Owner\AppData\Roaming\npm\node_modules\firebase-tools\lib\bin\firebase.js init
[debug] [2023-04-12T22:50:18.764Z] CLI Version:   11.26.0
[debug] [2023-04-12T22:50:18.764Z] Platform:      win32
[debug] [2023-04-12T22:50:18.765Z] Node Version:  v16.15.0
[debug] [2023-04-12T22:50:18.766Z] Time:          Wed Apr 12 2023 23:50:18 GMT+0100 (West Africa Standard Time)
[debug] [2023-04-12T22:50:18.767Z] ----------------------------------------------------------------------
[debug] 
[debug] [2023-04-12T22:50:18.781Z] > command requires scopes: ["email","openid","https://www.googleapis.com/auth/cloudplatformprojects.readonly","https://www.googleapis.com/auth/firebase","https://www.googleapis.com/auth/cloud-platform"]
[debug] [2023-04-12T22:50:18.781Z] > authorizing via signed-in user (orjimodestus@gmail.com)
[info] 
     ######## #### ########  ######## ########     ###     ######  ########
     ##        ##  ##     ## ##       ##     ##  ##   ##  ##       ##
     ######    ##  ########  ######   ########  #########  ######  ######
     ##        ##  ##    ##  ##       ##     ## ##     ##       ## ##
     ##       #### ##     ## ######## ########  ##     ##  ######  ########

You're about to initialize a Firebase project in this directory:

  C:\Users\Owner\Desktop\mern-project\client

[info] 
=== Project Setup
[info] 
[info] First, let's associate this project directory with a Firebase project.
[info] You can create multiple project aliases by running firebase use --add, 
[info] but for now we'll just set up a default project.
[info] 
[debug] [2023-04-12T22:50:31.495Z] >>> [apiv2][query] GET https://firebase.googleapis.com/v1beta1/projects pageSize=100
[debug] [2023-04-12T22:50:32.355Z] <<< [apiv2][status] GET https://firebase.googleapis.com/v1beta1/projects 200
[debug] [2023-04-12T22:50:32.356Z] <<< [apiv2][body] GET https://firebase.googleapis.com/v1beta1/projects [omitted]
[info] i  Using project my--moments (my-moments) 
[info] 
=== Hosting Setup
[info] 
[info] Your public directory is the folder (relative to your project directory) that
[info] will contain Hosting assets to be uploaded with firebase deploy. If you
[info] have a build process for your assets, use your build's output directory.
[info] 
[debug] [2023-04-12T22:52:30.042Z] ----------------------------------------------------------------------
[debug] [2023-04-12T22:52:30.044Z] Command:       C:\Program Files\nodejs\node.exe C:\Users\Owner\AppData\Roaming\npm\node_modules\firebase-tools\lib\bin\firebase.js init
[debug] [2023-04-12T22:52:30.045Z] CLI Version:   11.26.0
[debug] [2023-04-12T22:52:30.045Z] Platform:      win32
[debug] [2023-04-12T22:52:30.045Z] Node Version:  v16.15.0
[debug] [2023-04-12T22:52:30.046Z] Time:          Wed Apr 12 2023 23:52:30 GMT+0100 (West Africa Standard Time)
[debug] [2023-04-12T22:52:30.046Z] ----------------------------------------------------------------------
[debug] 
[debug] [2023-04-12T22:52:30.055Z] > command requires scopes: ["email","openid","https://www.googleapis.com/auth/cloudplatformprojects.readonly","https://www.googleapis.com/auth/firebase","https://www.googleapis.com/auth/cloud-platform"]
[debug] [2023-04-12T22:52:30.056Z] > authorizing via signed-in user (orjimodestus@gmail.com)
[info] 
     ######## #### ########  ######## ########     ###     ######  ########
     ##        ##  ##     ## ##       ##     ##  ##   ##  ##       ##
     ######    ##  ########  ######   ########  #########  ######  ######
     ##        ##  ##    ##  ##       ##     ## ##     ##       ## ##
     ##       #### ##     ## ######## ########  ##     ##  ######  ########

You're about to initialize a Firebase project in this directory:

  C:\Users\Owner\Desktop\mern-project\client

[info] 
=== Project Setup
[info] 
[info] First, let's associate this project directory with a Firebase project.
[info] You can create multiple project aliases by running firebase use --add, 
[info] but for now we'll just set up a default project.
[info] 
[debug] [2023-04-12T22:53:00.973Z] >>> [apiv2][query] GET https://firebase.googleapis.com/v1beta1/projects pageSize=100
[debug] [2023-04-12T22:53:01.828Z] <<< [apiv2][status] GET https://firebase.googleapis.com/v1beta1/projects 200
[debug] [2023-04-12T22:53:01.829Z] <<< [apiv2][body] GET https://firebase.googleapis.com/v1beta1/projects [omitted]
[info] i  Using project my--moments (my-moments) 
[info] 
=== Hosting Setup
[info] 
[info] Your public directory is the folder (relative to your project directory) that
[info] will contain Hosting assets to be uploaded with firebase deploy. If you
[info] have a build process for your assets, use your build's output directory.
[info] 
[debug] [2023-04-12T22:53:29.649Z] >>> [apiv2][query] GET https://www.gstatic.com/firebasejs/releases.json [none]
[debug] [2023-04-12T22:53:29.908Z] <<< [apiv2][status] GET https://www.gstatic.com/firebasejs/releases.json 200
[debug] [2023-04-12T22:53:29.909Z] <<< [apiv2][body] GET https://www.gstatic.com/firebasejs/releases.json {"current":{"version":"9.19.1","browserURL":"https://www.gstatic.com/firebasejs/9.19.1/firebase.js","packageURL":"https://www.gstatic.com/firebasejs/9.19.1/firebase.tgz"},"live":{"version":"9.19","browserURL":"https://www.gstatic.com/firebasejs/live/9.19/firebase.js","packageURL":"https://www.gstatic.com/firebasejs/live/9.19/firebase.tgz"},"components":{"analytics":"https://www.gstatic.com/firebasejs/9.19.1/firebase-analytics.js","app":"https://www.gstatic.com/firebasejs/9.19.1/firebase-app.js","app-check":"https://www.gstatic.com/firebasejs/9.19.1/firebase-app-check.js","auth":"https://www.gstatic.com/firebasejs/9.19.1/firebase-auth.js","auth/cordova":"https://www.gstatic.com/firebasejs/9.19.1/firebase-auth/cordova.js","auth/react-native":"https://www.gstatic.com/firebasejs/9.19.1/firebase-auth/react-native.js","functions":"https://www.gstatic.com/firebasejs/9.19.1/firebase-functions.js","firestore":"https://www.gstatic.com/firebasejs/9.19.1/firebase-firestore.js","firestore/lite":"https://www.gstatic.com/firebasejs/9.19.1/firebase-firestore/lite.js","installations":"https://www.gstatic.com/firebasejs/9.19.1/firebase-installations.js","storage":"https://www.gstatic.com/firebasejs/9.19.1/firebase-storage.js","performance":"https://www.gstatic.com/firebasejs/9.19.1/firebase-performance.js","remote-config":"https://www.gstatic.com/firebasejs/9.19.1/firebase-remote-config.js","messaging":"https://www.gstatic.com/firebasejs/9.19.1/firebase-messaging.js","messaging/sw":"https://www.gstatic.com/firebasejs/9.19.1/firebase-messaging/sw.js","database":"https://www.gstatic.com/firebasejs/9.19.1/firebase-database.js","firestore.memory":"https://www.gstatic.com/firebasejs/9.19.1/firebase-firestore.memory.js"}}
[info] i  Skipping write of public/index.html 
[info] 
[info] i  Detected a .git folder at C:\Users\Owner\Desktop\mern-project 
[info] i  Authorizing with GitHub to upload your service account to a GitHub repository's secrets store. 
[info] 
[info] Visit this URL on this device to log in:
[info] https://github.com/login/oauth/authorize?client_id=89cf50f02ac6aaed3484&state=295798657&redirect_uri=http%3A%2F%2Flocalhost%3A9005&scope=read%3Auser%20repo%20public_repo
[info] 
[info] Waiting for authentication...
[debug] [2023-04-12T22:54:42.127Z] >>> [apiv2][query] POST https://github.com/login/oauth/access_token [none]
[debug] [2023-04-12T22:54:42.127Z] >>> [apiv2][body] POST https://github.com/login/oauth/access_token [stream]
[debug] [2023-04-12T22:54:42.872Z] <<< [apiv2][status] POST https://github.com/login/oauth/access_token 200
[debug] [2023-04-12T22:54:42.872Z] <<< [apiv2][body] POST https://github.com/login/oauth/access_token {"access_token":"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","token_type":"bearer","scope":"read:user,repo"}
[debug] [2023-04-12T22:54:42.902Z] >>> [apiv2][query] GET https://api.github.com/user [none]
[debug] [2023-04-12T22:54:43.575Z] <<< [apiv2][status] GET https://api.github.com/user 200
[debug] [2023-04-12T22:54:43.575Z] <<< [apiv2][body] GET https://api.github.com/user {"login":"modext","id":33578391,"node_id":"MDQ6VXNlcjMzNTc4Mzkx","avatar_url":"https://avatars.githubusercontent.com/u/33578391?v=4","gravatar_id":"","url":"https://api.github.com/users/modext","html_url":"https://github.com/modext","followers_url":"https://api.github.com/users/modext/followers","following_url":"https://api.github.com/users/modext/following{/other_user}","gists_url":"https://api.github.com/users/modext/gists{/gist_id}","starred_url":"https://api.github.com/users/modext/starred{/owner}{/repo}","subscriptions_url":"https://api.github.com/users/modext/subscriptions","organizations_url":"https://api.github.com/users/modext/orgs","repos_url":"https://api.github.com/users/modext/repos","events_url":"https://api.github.com/users/modext/events{/privacy}","received_events_url":"https://api.github.com/users/modext/received_events","type":"User","site_admin":false,"name":"M. C.  Orji","company":null,"blog":"","location":null,"email":null,"hireable":null,"bio":"Software Engineer (Frontend)","twitter_username":null,"public_repos":38,"public_gists":3,"followers":0,"following":2,"created_at":"2017-11-11T17:15:16Z","updated_at":"2023-03-21T21:54:25Z","private_gists":2,"total_private_repos":4,"owned_private_repos":4,"disk_usage":132551,"collaborators":0,"two_factor_authentication":false,"plan":{"name":"free","space":976562499,"collaborators":0,"private_repos":10000}}
[info] 
[info] +  Success! Logged into GitHub as modext 
[info] 
